<?xml version="1.0" encoding="utf-8"?><testsuites name="pytest tests"><testsuite name="pytest" errors="0" failures="0" skipped="0" tests="7" time="2.137" timestamp="2026-06-22T17:47:18.046614+00:00" hostname="agent-env-f8b250ff-c615-45fe-b51c-c8db1296fed4"><testcase classname="backend.tests.test_kiosk_api.TestTherapists" name="test_list_therapists_returns_three" time="0.618" /><testcase classname="backend.tests.test_kiosk_api.TestTherapists" name="test_no_email_in_response" time="0.051" /><testcase classname="backend.tests.test_kiosk_api.TestTherapists" name="test_refresh_returns_live" time="0.335" /><testcase classname="backend.tests.test_kiosk_api.TestTherapists" name="test_cache_on_second_call" time="0.881" /><testcase classname="backend.tests.test_kiosk_api.TestCheckin" name="test_checkin_success_test_mode" time="0.050" /><testcase classname="backend.tests.test_kiosk_api.TestCheckin" name="test_checkin_unknown_slug_returns_422" time="0.045" /><testcase classname="backend.tests.test_kiosk_api.TestFailures" name="test_failures_includes_no_email_mapping" time="0.089" /></testsuite></testsuites>