<?xml version="1.0" encoding="utf-8"?><testsuites name="pytest tests"><testsuite name="pytest" errors="0" failures="0" skipped="0" tests="13" time="2.835" timestamp="2026-07-23T00:08:03.910088+00:00" hostname="agent-env-f8b250ff-c615-45fe-b51c-c8db1296fed4"><testcase classname="backend.tests.test_kiosk_api.TestTherapists" name="test_list_therapists_returns_six" time="0.463" /><testcase classname="backend.tests.test_kiosk_api.TestTherapists" name="test_no_email_in_response" time="0.045" /><testcase classname="backend.tests.test_kiosk_api.TestTherapists" name="test_refresh_returns_live" time="0.327" /><testcase classname="backend.tests.test_kiosk_api.TestTherapists" name="test_cache_on_second_call" time="0.939" /><testcase classname="backend.tests.test_kiosk_api.TestTherapists" name="test_default_placeholder_pinning" time="0.099" /><testcase classname="backend.tests.test_kiosk_api.TestCheckin" name="test_checkin_success_test_mode" time="0.258" /><testcase classname="backend.tests.test_kiosk_api.TestCheckin" name="test_checkin_unknown_slug_returns_422" time="0.045" /><testcase classname="backend.tests.test_kiosk_api.TestFailures" name="test_failures_includes_no_email_mapping" time="0.089" /><testcase classname="backend.tests.test_kiosk_api.TestAdminOrder" name="test_get_order_returns_list" time="0.046" /><testcase classname="backend.tests.test_kiosk_api.TestAdminOrder" name="test_put_order_saves_and_reflected_by_get" time="0.115" /><testcase classname="backend.tests.test_kiosk_api.TestAdminOrder" name="test_saved_order_reflected_in_therapists_list" time="0.096" /><testcase classname="backend.tests.test_kiosk_api.TestAdminOrder" name="test_put_empty_order_restores_default" time="0.093" /><testcase classname="backend.tests.test_kiosk_api.TestAdminOrder" name="test_put_partial_order_appends_unlisted" time="0.138" /></testsuite></testsuites>